cl : command line  warning D9035: option 'Gm' has been deprecated and will be removed in a future release
  Texture.cpp
D:\POLITEHNICA\Anul_1\WorkshopGameloft\proiect_2015\NewTrainingFramework_2015\NewTrainingFramework\ResourceManager.h(2,10): warning C4067: unexpected tokens following preprocessor directive - expected a newline
  (compiling source file '/Texture.cpp')
  
D:\POLITEHNICA\Anul_1\WorkshopGameloft\proiect_2015\NewTrainingFramework_2015\NewTrainingFramework\SceneObject.h(59,11): warning C4244: 'return': conversion from 'double' to 'float', possible loss of data
  (compiling source file '/Texture.cpp')
  
  SkyBox.cpp
D:\POLITEHNICA\Anul_1\WorkshopGameloft\proiect_2015\NewTrainingFramework_2015\NewTrainingFramework\SceneObject.h(59,11): warning C4244: 'return': conversion from 'double' to 'float', possible loss of data
  (compiling source file '/SkyBox.cpp')
  
  Shader.cpp
  SceneObject.cpp
D:\POLITEHNICA\Anul_1\WorkshopGameloft\proiect_2015\NewTrainingFramework_2015\NewTrainingFramework\SceneObject.h(59,11): warning C4244: 'return': conversion from 'double' to 'float', possible loss of data
  (compiling source file '/SceneObject.cpp')
  
D:\POLITEHNICA\Anul_1\WorkshopGameloft\proiect_2015\NewTrainingFramework_2015\NewTrainingFramework\ResourceManager.h(2,10): warning C4067: unexpected tokens following preprocessor directive - expected a newline
  (compiling source file '/SceneObject.cpp')
  
D:\POLITEHNICA\Anul_1\WorkshopGameloft\proiect_2015\NewTrainingFramework_2015\NewTrainingFramework\SceneManager.h(97,16): warning C4244: 'return': conversion from 'double' to 'float', possible loss of data
  (compiling source file '/SceneObject.cpp')
  
  SceneManager.cpp
D:\POLITEHNICA\Anul_1\WorkshopGameloft\proiect_2015\NewTrainingFramework_2015\NewTrainingFramework\SceneObject.h(59,11): warning C4244: 'return': conversion from 'double' to 'float', possible loss of data
  (compiling source file '/SceneManager.cpp')
  
D:\POLITEHNICA\Anul_1\WorkshopGameloft\proiect_2015\NewTrainingFramework_2015\NewTrainingFramework\SceneManager.h(97,16): warning C4244: 'return': conversion from 'double' to 'float', possible loss of data
  (compiling source file '/SceneManager.cpp')
  
D:\POLITEHNICA\Anul_1\WorkshopGameloft\proiect_2015\NewTrainingFramework_2015\NewTrainingFramework\ResourceManager.h(2,10): warning C4067: unexpected tokens following preprocessor directive - expected a newline
  (compiling source file '/SceneManager.cpp')
  
D:\POLITEHNICA\Anul_1\WorkshopGameloft\proiect_2015\NewTrainingFramework_2015\NewTrainingFramework\Fire.h(10,20): warning C4305: 'initializing': truncation from 'double' to 'float'
  (compiling source file '/SceneManager.cpp')
  
D:\POLITEHNICA\Anul_1\WorkshopGameloft\proiect_2015\NewTrainingFramework_2015\NewTrainingFramework\SceneManager.cpp(42,37): warning C4244: '=': conversion from 'int' to 'GLfloat', possible loss of data
  (compiling source file '/SceneManager.cpp')
  
D:\POLITEHNICA\Anul_1\WorkshopGameloft\proiect_2015\NewTrainingFramework_2015\NewTrainingFramework\SceneManager.cpp(44,37): warning C4244: '=': conversion from 'int' to 'GLfloat', possible loss of data
  (compiling source file '/SceneManager.cpp')
  
D:\POLITEHNICA\Anul_1\WorkshopGameloft\proiect_2015\NewTrainingFramework_2015\Include\RapidXML\rapidxml_utils.hpp(40,25): warning C4244: 'initializing': conversion from 'std::streamoff' to 'size_t', possible loss of data
  (compiling source file '/SceneManager.cpp')
      D:\POLITEHNICA\Anul_1\WorkshopGameloft\proiect_2015\NewTrainingFramework_2015\Include\RapidXML\rapidxml_utils.hpp(40,25):
      the template instantiation context (the oldest one first) is
          D:\POLITEHNICA\Anul_1\WorkshopGameloft\proiect_2015\NewTrainingFramework_2015\NewTrainingFramework\SceneManager.cpp(70,22):
          see reference to class template instantiation 'rapidxml::file<char>' being compiled
          D:\POLITEHNICA\Anul_1\WorkshopGameloft\proiect_2015\NewTrainingFramework_2015\Include\RapidXML\rapidxml_utils.hpp(28,9):
          while compiling class template member function 'rapidxml::file<char>::file(const char *)'
              D:\POLITEHNICA\Anul_1\WorkshopGameloft\proiect_2015\NewTrainingFramework_2015\NewTrainingFramework\SceneManager.cpp(70,26):
              see the first reference to 'rapidxml::file<char>::file' in 'SceneManager::Init'
  
  ResourceManager.cpp
D:\POLITEHNICA\Anul_1\WorkshopGameloft\proiect_2015\NewTrainingFramework_2015\NewTrainingFramework\ResourceManager.h(2,10): warning C4067: unexpected tokens following preprocessor directive - expected a newline
  (compiling source file '/ResourceManager.cpp')
  
D:\POLITEHNICA\Anul_1\WorkshopGameloft\proiect_2015\NewTrainingFramework_2015\NewTrainingFramework\SceneObject.h(59,11): warning C4244: 'return': conversion from 'double' to 'float', possible loss of data
  (compiling source file '/ResourceManager.cpp')
  
D:\POLITEHNICA\Anul_1\WorkshopGameloft\proiect_2015\NewTrainingFramework_2015\NewTrainingFramework\ResourceManager.cpp(155,18): warning C4996: 'strdup': The POSIX name for this item is deprecated. Instead, use the ISO C and C++ conformant name: _strdup. See online help for details.
  (compiling source file '/ResourceManager.cpp')
  
D:\POLITEHNICA\Anul_1\WorkshopGameloft\proiect_2015\NewTrainingFramework_2015\NewTrainingFramework\ResourceManager.cpp(156,18): warning C4996: 'strdup': The POSIX name for this item is deprecated. Instead, use the ISO C and C++ conformant name: _strdup. See online help for details.
  (compiling source file '/ResourceManager.cpp')
  
D:\POLITEHNICA\Anul_1\WorkshopGameloft\proiect_2015\NewTrainingFramework_2015\Include\RapidXML\rapidxml_utils.hpp(40,25): warning C4244: 'initializing': conversion from 'std::streamoff' to 'size_t', possible loss of data
  (compiling source file '/ResourceManager.cpp')
      D:\POLITEHNICA\Anul_1\WorkshopGameloft\proiect_2015\NewTrainingFramework_2015\Include\RapidXML\rapidxml_utils.hpp(40,25):
      the template instantiation context (the oldest one first) is
          D:\POLITEHNICA\Anul_1\WorkshopGameloft\proiect_2015\NewTrainingFramework_2015\NewTrainingFramework\ResourceManager.cpp(11,19):
          see reference to class template instantiation 'rapidxml::file<char>' being compiled
          D:\POLITEHNICA\Anul_1\WorkshopGameloft\proiect_2015\NewTrainingFramework_2015\Include\RapidXML\rapidxml_utils.hpp(28,9):
          while compiling class template member function 'rapidxml::file<char>::file(const char *)'
              D:\POLITEHNICA\Anul_1\WorkshopGameloft\proiect_2015\NewTrainingFramework_2015\NewTrainingFramework\ResourceManager.cpp(11,23):
              see the first reference to 'rapidxml::file<char>::file' in 'ResourceManager::parseXML'
  
  NormalObject.cpp
D:\POLITEHNICA\Anul_1\WorkshopGameloft\proiect_2015\NewTrainingFramework_2015\NewTrainingFramework\SceneObject.h(59,11): warning C4244: 'return': conversion from 'double' to 'float', possible loss of data
  (compiling source file '/NormalObject.cpp')
  
  NewTrainingFramework.cpp
D:\POLITEHNICA\Anul_1\WorkshopGameloft\proiect_2015\NewTrainingFramework_2015\NewTrainingFramework\ResourceManager.h(2,10): warning C4067: unexpected tokens following preprocessor directive - expected a newline
  (compiling source file '/NewTrainingFramework.cpp')
  
D:\POLITEHNICA\Anul_1\WorkshopGameloft\proiect_2015\NewTrainingFramework_2015\NewTrainingFramework\SceneObject.h(59,11): warning C4244: 'return': conversion from 'double' to 'float', possible loss of data
  (compiling source file '/NewTrainingFramework.cpp')
  
D:\POLITEHNICA\Anul_1\WorkshopGameloft\proiect_2015\NewTrainingFramework_2015\NewTrainingFramework\SceneManager.h(97,16): warning C4244: 'return': conversion from 'double' to 'float', possible loss of data
  (compiling source file '/NewTrainingFramework.cpp')
  
D:\POLITEHNICA\Anul_1\WorkshopGameloft\proiect_2015\NewTrainingFramework_2015\NewTrainingFramework\NewTrainingFramework.cpp(28,12): warning C4305: 'initializing': truncation from 'double' to 'float'
  (compiling source file '/NewTrainingFramework.cpp')
  
D:\POLITEHNICA\Anul_1\WorkshopGameloft\proiect_2015\NewTrainingFramework_2015\NewTrainingFramework\NewTrainingFramework.cpp(35,13): warning C4305: 'initializing': truncation from 'double' to 'GLfloat'
  (compiling source file '/NewTrainingFramework.cpp')
  
D:\POLITEHNICA\Anul_1\WorkshopGameloft\proiect_2015\NewTrainingFramework_2015\NewTrainingFramework\NewTrainingFramework.cpp(36,19): warning C4305: 'initializing': truncation from 'double' to 'GLfloat'
  (compiling source file '/NewTrainingFramework.cpp')
  
D:\POLITEHNICA\Anul_1\WorkshopGameloft\proiect_2015\NewTrainingFramework_2015\NewTrainingFramework\NewTrainingFramework.cpp(39,21): warning C4305: 'initializing': truncation from 'double' to 'GLfloat'
  (compiling source file '/NewTrainingFramework.cpp')
  
  Model.cpp
D:\POLITEHNICA\Anul_1\WorkshopGameloft\proiect_2015\NewTrainingFramework_2015\NewTrainingFramework\Model.cpp(52,3): warning C4996: 'sscanf': This function or variable may be unsafe. Consider using sscanf_s instead. To disable deprecation, use _CRT_SECURE_NO_WARNINGS. See online help for details.
  (compiling source file '/Model.cpp')
  
D:\POLITEHNICA\Anul_1\WorkshopGameloft\proiect_2015\NewTrainingFramework_2015\NewTrainingFramework\Model.cpp(65,7): warning C4996: 'sscanf': This function or variable may be unsafe. Consider using sscanf_s instead. To disable deprecation, use _CRT_SECURE_NO_WARNINGS. See online help for details.
  (compiling source file '/Model.cpp')
  
  Light.cpp
  Fire.cpp
D:\POLITEHNICA\Anul_1\WorkshopGameloft\proiect_2015\NewTrainingFramework_2015\NewTrainingFramework\SceneObject.h(59,11): warning C4244: 'return': conversion from 'double' to 'float', possible loss of data
  (compiling source file '/Fire.cpp')
  
D:\POLITEHNICA\Anul_1\WorkshopGameloft\proiect_2015\NewTrainingFramework_2015\NewTrainingFramework\Fire.h(10,20): warning C4305: 'initializing': truncation from 'double' to 'float'
  (compiling source file '/Fire.cpp')
  
  Camera.cpp
D:\POLITEHNICA\Anul_1\WorkshopGameloft\proiect_2015\NewTrainingFramework_2015\NewTrainingFramework\Camera.cpp(17,28): warning C4244: 'argument': conversion from 'int' to 'GLfloat', possible loss of data
  (compiling source file '/Camera.cpp')
  
D:\POLITEHNICA\Anul_1\WorkshopGameloft\proiect_2015\NewTrainingFramework_2015\NewTrainingFramework\Camera.cpp(26,27): warning C4244: 'argument': conversion from 'int' to 'GLfloat', possible loss of data
  (compiling source file '/Camera.cpp')
  
D:\POLITEHNICA\Anul_1\WorkshopGameloft\proiect_2015\NewTrainingFramework_2015\NewTrainingFramework\Camera.cpp(35,28): warning C4244: 'argument': conversion from 'int' to 'GLfloat', possible loss of data
  (compiling source file '/Camera.cpp')
  
  Generating Code...
  LINK : D:\POLITEHNICA\Anul_1\WorkshopGameloft\proiect_2015\NewTrainingFramework_2015\\BIN-Nvidia\NewTrainingFramework.exe not found or not built by the last incremental link; performing full link
LINK : fatal error LNK1104: cannot open file 'D:\POLITEHNICA\Anul_1\WorkshopGameloft\proiect_2015\NewTrainingFramework_2015\BIN-Nvidia\Utilities.lib'
