d:\politehnica\anul_1\workshopgameloft\proiect_2015\newtrainingframework_2015\newtrainingframework\debug-nvidia\newtrainingframework.pch
d:\politehnica\anul_1\workshopgameloft\proiect_2015\newtrainingframework_2015\newtrainingframework\debug-nvidia\vc143.pdb
d:\politehnica\anul_1\workshopgameloft\proiect_2015\newtrainingframework_2015\newtrainingframework\debug-nvidia\vc143.idb
d:\politehnica\anul_1\workshopgameloft\proiect_2015\newtrainingframework_2015\newtrainingframework\debug-nvidia\stdafx.obj
d:\politehnica\anul_1\workshopgameloft\proiect_2015\newtrainingframework_2015\newtrainingframework\debug-nvidia\camera.obj
d:\politehnica\anul_1\workshopgameloft\proiect_2015\newtrainingframework_2015\newtrainingframework\debug-nvidia\globals.obj
d:\politehnica\anul_1\workshopgameloft\proiect_2015\newtrainingframework_2015\newtrainingframework\debug-nvidia\model.obj
d:\politehnica\anul_1\workshopgameloft\proiect_2015\newtrainingframework_2015\newtrainingframework\debug-nvidia\newtrainingframework.obj
d:\politehnica\anul_1\workshopgameloft\proiect_2015\newtrainingframework_2015\newtrainingframework\debug-nvidia\obiect.obj
d:\politehnica\anul_1\workshopgameloft\proiect_2015\newtrainingframework_2015\newtrainingframework\debug-nvidia\resourcemanager.obj
d:\politehnica\anul_1\workshopgameloft\proiect_2015\newtrainingframework_2015\newtrainingframework\debug-nvidia\scenemanager.obj
d:\politehnica\anul_1\workshopgameloft\proiect_2015\newtrainingframework_2015\newtrainingframework\debug-nvidia\shader.obj
d:\politehnica\anul_1\workshopgameloft\proiect_2015\newtrainingframework_2015\newtrainingframework\debug-nvidia\shaderresource.obj
d:\politehnica\anul_1\workshopgameloft\proiect_2015\newtrainingframework_2015\newtrainingframework\debug-nvidia\texture.obj
d:\politehnica\anul_1\workshopgameloft\proiect_2015\newtrainingframework_2015\newtrainingframework\debug-nvidia\sceneobject.obj
d:\politehnica\anul_1\workshopgameloft\proiect_2015\newtrainingframework_2015\bin-nvidia\newtrainingframework.exe
d:\politehnica\anul_1\workshopgameloft\proiect_2015\newtrainingframework_2015\bin-nvidia\newtrainingframework.pdb
d:\politehnica\anul_1\workshopgameloft\proiect_2015\newtrainingframework_2015\newtrainingframework\debug-nvidia\newtrainingframework.ilk
d:\politehnica\anul_1\workshopgameloft\proiect_2015\newtrainingframework_2015\\bin-nvidia\newtrainingframework.pdb
d:\politehnica\anul_1\workshopgameloft\proiect_2015\newtrainingframework_2015\newtrainingframework\debug-nvidia\newtrain.fc024ec8.tlog\cl.command.1.tlog
d:\politehnica\anul_1\workshopgameloft\proiect_2015\newtrainingframework_2015\newtrainingframework\debug-nvidia\newtrain.fc024ec8.tlog\cl.items.tlog
d:\politehnica\anul_1\workshopgameloft\proiect_2015\newtrainingframework_2015\newtrainingframework\debug-nvidia\newtrain.fc024ec8.tlog\cl.read.1.tlog
d:\politehnica\anul_1\workshopgameloft\proiect_2015\newtrainingframework_2015\newtrainingframework\debug-nvidia\newtrain.fc024ec8.tlog\cl.write.1.tlog
d:\politehnica\anul_1\workshopgameloft\proiect_2015\newtrainingframework_2015\newtrainingframework\debug-nvidia\newtrain.fc024ec8.tlog\link.command.1.tlog
d:\politehnica\anul_1\workshopgameloft\proiect_2015\newtrainingframework_2015\newtrainingframework\debug-nvidia\newtrain.fc024ec8.tlog\link.read.1.tlog
d:\politehnica\anul_1\workshopgameloft\proiect_2015\newtrainingframework_2015\newtrainingframework\debug-nvidia\newtrain.fc024ec8.tlog\link.secondary.1.tlog
d:\politehnica\anul_1\workshopgameloft\proiect_2015\newtrainingframework_2015\newtrainingframework\debug-nvidia\newtrain.fc024ec8.tlog\link.write.1.tlog
