d:\politehnica\anul_1\workshopgameloft\proiect_2015\newtrainingframework_2015\newtrainingframework\release-nvidia\newtrainingframework.pch
d:\politehnica\anul_1\workshopgameloft\proiect_2015\newtrainingframework_2015\newtrainingframework\release-nvidia\vc143.pdb
d:\politehnica\anul_1\workshopgameloft\proiect_2015\newtrainingframework_2015\newtrainingframework\release-nvidia\stdafx.obj
d:\politehnica\anul_1\workshopgameloft\proiect_2015\newtrainingframework_2015\newtrainingframework\release-nvidia\texture.obj
d:\politehnica\anul_1\workshopgameloft\proiect_2015\newtrainingframework_2015\newtrainingframework\release-nvidia\skybox.obj
d:\politehnica\anul_1\workshopgameloft\proiect_2015\newtrainingframework_2015\newtrainingframework\release-nvidia\shader.obj
d:\politehnica\anul_1\workshopgameloft\proiect_2015\newtrainingframework_2015\newtrainingframework\release-nvidia\sceneobject.obj
d:\politehnica\anul_1\workshopgameloft\proiect_2015\newtrainingframework_2015\newtrainingframework\release-nvidia\scenemanager.obj
d:\politehnica\anul_1\workshopgameloft\proiect_2015\newtrainingframework_2015\newtrainingframework\release-nvidia\resourcemanager.obj
d:\politehnica\anul_1\workshopgameloft\proiect_2015\newtrainingframework_2015\newtrainingframework\release-nvidia\obiect.obj
d:\politehnica\anul_1\workshopgameloft\proiect_2015\newtrainingframework_2015\newtrainingframework\release-nvidia\normalobject.obj
d:\politehnica\anul_1\workshopgameloft\proiect_2015\newtrainingframework_2015\newtrainingframework\release-nvidia\newtrainingframework.obj
d:\politehnica\anul_1\workshopgameloft\proiect_2015\newtrainingframework_2015\newtrainingframework\release-nvidia\model.obj
d:\politehnica\anul_1\workshopgameloft\proiect_2015\newtrainingframework_2015\newtrainingframework\release-nvidia\globals.obj
d:\politehnica\anul_1\workshopgameloft\proiect_2015\newtrainingframework_2015\newtrainingframework\release-nvidia\camera.obj
d:\politehnica\anul_1\workshopgameloft\proiect_2015\newtrainingframework_2015\bin-nvidia\newtrainingframework.exe
d:\politehnica\anul_1\workshopgameloft\proiect_2015\newtrainingframework_2015\bin-nvidia\newtrainingframework.pdb
d:\politehnica\anul_1\workshopgameloft\proiect_2015\newtrainingframework_2015\newtrainingframework\release-nvidia\newtrainingframework.ipdb
d:\politehnica\anul_1\workshopgameloft\proiect_2015\newtrainingframework_2015\newtrainingframework\release-nvidia\newtrainingframework.iobj
d:\politehnica\anul_1\workshopgameloft\proiect_2015\newtrainingframework_2015\\bin-nvidia\newtrainingframework.pdb
d:\politehnica\anul_1\workshopgameloft\proiect_2015\newtrainingframework_2015\newtrainingframework\release-nvidia\newtrain.fc024ec8.tlog\cl.command.1.tlog
d:\politehnica\anul_1\workshopgameloft\proiect_2015\newtrainingframework_2015\newtrainingframework\release-nvidia\newtrain.fc024ec8.tlog\cl.items.tlog
d:\politehnica\anul_1\workshopgameloft\proiect_2015\newtrainingframework_2015\newtrainingframework\release-nvidia\newtrain.fc024ec8.tlog\cl.read.1.tlog
d:\politehnica\anul_1\workshopgameloft\proiect_2015\newtrainingframework_2015\newtrainingframework\release-nvidia\newtrain.fc024ec8.tlog\cl.write.1.tlog
d:\politehnica\anul_1\workshopgameloft\proiect_2015\newtrainingframework_2015\newtrainingframework\release-nvidia\newtrain.fc024ec8.tlog\link.command.1.tlog
d:\politehnica\anul_1\workshopgameloft\proiect_2015\newtrainingframework_2015\newtrainingframework\release-nvidia\newtrain.fc024ec8.tlog\link.read.1.tlog
d:\politehnica\anul_1\workshopgameloft\proiect_2015\newtrainingframework_2015\newtrainingframework\release-nvidia\newtrain.fc024ec8.tlog\link.secondary.1.tlog
d:\politehnica\anul_1\workshopgameloft\proiect_2015\newtrainingframework_2015\newtrainingframework\release-nvidia\newtrain.fc024ec8.tlog\link.write.1.tlog
